{
  "RSpec": {
    "coverage": {
      "/home/daring-technologist-6532/tic-tac-toe-rb-ruby-apply-000/lib/tic_tac_toe.rb": [
        1,
        14,
        14,
        14,
        14,
        14,
        14,
        null,
        null,
        1,
        16,
        null,
        null,
        1,
        15,
        null,
        null,
        1,
        16,
        1,
        15,
        13,
        null,
        null,
        null,
        1,
        13,
        13,
        13,
        13,
        12,
        12,
        12,
        null,
        1,
        null,
        null,
        null,
        1,
        20,
        17,
        3,
        3,
        null,
        null,
        null,
        null,
        1,
        24,
        24,
        216,
        15,
        null,
        null,
        24,
        null,
        null,
        1,
        23,
        23,
        17,
        null,
        6,
        null,
        null,
        null,
        null,
        null,
        null,
        null,
        null,
        1,
        null,
        null,
        null,
        null,
        null,
        null,
        null,
        null,
        null,
        null,
        1,
        40,
        null,
        252,
        252,
        252,
        null,
        252,
        252,
        252,
        null,
        252,
        11,
        241,
        4,
        null,
        null,
        25,
        null,
        null,
        1,
        20,
        97,
        null,
        null,
        null,
        1,
        13,
        4,
        null,
        9,
        null,
        null,
        null,
        1,
        13,
        9,
        null,
        4,
        null,
        null,
        null,
        null,
        1,
        6,
        6,
        6,
        null,
        null,
        5,
        3,
        2,
        2,
        null,
        null,
        null,
        null,
        null,
        null,
        1,
        11,
        10,
        10,
        null,
        null,
        11,
        4,
        7,
        7,
        null,
        null,
        null,
        null,
        null,
        null
      ]
    },
    "timestamp": 1592199172
  }
}
