{
  "RSpec": {
    "coverage": {
      "/home/daring-technologist-6532/tic-tac-toe-rb-ruby-apply-000/lib/tic_tac_toe.rb": [
        1,
        10,
        10,
        10,
        10,
        10,
        10,
        null,
        null,
        1,
        950,
        null,
        null,
        1,
        11,
        null,
        null,
        1,
        950,
        939,
        11,
        9,
        null,
        null,
        null,
        1,
        948,
        947,
        947,
        947,
        8,
        8,
        8,
        null,
        939,
        null,
        null,
        null,
        1,
        954,
        13,
        941,
        941,
        null,
        null,
        null,
        null,
        1,
        17,
        17,
        153,
        11,
        null,
        null,
        17,
        null,
        null,
        1,
        16,
        16,
        12,
        null,
        4,
        null,
        null,
        null,
        null,
        null,
        null,
        null,
        null,
        1,
        null,
        null,
        null,
        null,
        null,
        null,
        null,
        null,
        null,
        null,
        1,
        19,
        null,
        141,
        141,
        141,
        null,
        141,
        141,
        141,
        null,
        141,
        5,
        136,
        1,
        null,
        null,
        13,
        null,
        null,
        1,
        10,
        47,
        null,
        null,
        null,
        1,
        9,
        2,
        null,
        7,
        null,
        null,
        null,
        1,
        3,
        2,
        null,
        1,
        null,
        null,
        null,
        null,
        1,
        3,
        3,
        3,
        null,
        null,
        2,
        1,
        1,
        1,
        null,
        null,
        null,
        null,
        null,
        null,
        1,
        4,
        4,
        7,
        7,
        null,
        null,
        3,
        0,
        3,
        3,
        null,
        null,
        null,
        null,
        null,
        null
      ]
    },
    "timestamp": 1592198650
  }
}
